<?xml version="1.0" encoding="UTF-8"?>
<!-- Generated by org.testng.reporters.JUnitXMLReporter -->
<testsuite ignored="0" hostname="Lenova_Aug_2024" failures="0" tests="3" name="Default test" time="11.544" errors="0" timestamp="2025-04-06T14:52:27 BST">
  <testcase classname="FirstPackange.First" name="test1" time="2.474"/>
  <testcase classname="FirstPackange.First" name="test2" time="0.852"/>
  <testcase classname="FirstPackange.First" name="test3" time="1.839"/>
</testsuite> <!-- Default test -->
