<?xml version="1.0" encoding="UTF-8"?>
<testng-results ignored="0" total="2" passed="2" failed="0" skipped="0">
  <reporter-output>
  </reporter-output>
  <suite started-at="2024-07-04T14:05:03 IST" name="Suite" finished-at="2024-07-04T14:06:22 IST" duration-ms="79787">
    <groups>
    </groups>
    <test started-at="2024-07-04T14:05:03 IST" name="Test" finished-at="2024-07-04T14:06:22 IST" duration-ms="79787">
      <class name="demoProject.Test1">
        <test-method is-config="true" signature="BrowsersetUp()[pri:0, instance:demoProject.Test1@42a48628]" started-at="2024-07-04T14:05:03 IST" name="BrowsersetUp" finished-at="2024-07-04T14:05:22 IST" duration-ms="18532" status="PASS">
          <reporter-output>
          </reporter-output>
        </test-method> <!-- BrowsersetUp -->
        <test-method signature="tc1()[pri:0, instance:demoProject.Test1@42a48628]" started-at="2024-07-04T14:05:22 IST" name="tc1" finished-at="2024-07-04T14:05:50 IST" duration-ms="28161" status="PASS">
          <reporter-output>
          </reporter-output>
        </test-method> <!-- tc1 -->
        <test-method is-config="true" signature="tc3()[pri:0, instance:demoProject.Test1@42a48628]" started-at="2024-07-04T14:05:50 IST" name="tc3" finished-at="2024-07-04T14:06:01 IST" duration-ms="11492" status="PASS">
          <reporter-output>
          </reporter-output>
        </test-method> <!-- tc3 -->
        <test-method is-config="true" signature="BrowsersetUp()[pri:0, instance:demoProject.Test1@42a48628]" started-at="2024-07-04T14:06:01 IST" name="BrowsersetUp" finished-at="2024-07-04T14:06:12 IST" duration-ms="10419" status="PASS">
          <reporter-output>
          </reporter-output>
        </test-method> <!-- BrowsersetUp -->
        <test-method signature="tc2()[pri:0, instance:demoProject.Test1@42a48628]" started-at="2024-07-04T14:06:12 IST" name="tc2" finished-at="2024-07-04T14:06:21 IST" duration-ms="9092" status="PASS">
          <reporter-output>
          </reporter-output>
        </test-method> <!-- tc2 -->
        <test-method is-config="true" signature="tc3()[pri:0, instance:demoProject.Test1@42a48628]" started-at="2024-07-04T14:06:21 IST" name="tc3" finished-at="2024-07-04T14:06:22 IST" duration-ms="1576" status="PASS">
          <reporter-output>
          </reporter-output>
        </test-method> <!-- tc3 -->
      </class> <!-- demoProject.Test1 -->
    </test> <!-- Test -->
  </suite> <!-- Suite -->
</testng-results>
